<?xml version="1.0" encoding="UTF-8"?>
<testsuite name="ua.in.smartjava.SimpsonLoaderTest" tests="7" skipped="0" failures="0" errors="0" timestamp="2017-10-10T01:25:06" hostname="lvl1607006" time="1.951">
  <properties/>
  <testcase name="testLoadSimpsons" classname="ua.in.smartjava.SimpsonLoaderTest" time="0.073"/>
  <testcase name="testJavaChampions" classname="ua.in.smartjava.SimpsonLoaderTest" time="1.102"/>
  <testcase name="testMillionLaughs" classname="ua.in.smartjava.SimpsonLoaderTest" time="0.228"/>
  <testcase name="testDtdInvokation" classname="ua.in.smartjava.SimpsonLoaderTest" time="0.48"/>
  <testcase name="testScanFileSystem" classname="ua.in.smartjava.SimpsonLoaderTest" time="0.024"/>
  <testcase name="testXmlBombExplained" classname="ua.in.smartjava.SimpsonLoaderTest" time="0.007"/>
  <testcase name="testFileContentRead" classname="ua.in.smartjava.SimpsonLoaderTest" time="0.008"/>
  <system-out><![CDATA[]]></system-out>
  <system-err><![CDATA[SLF4J: Failed to load class "org.slf4j.impl.StaticLoggerBinder".
SLF4J: Defaulting to no-operation (NOP) logger implementation
SLF4J: See http://www.slf4j.org/codes.html#StaticLoggerBinder for further details.
[Fatal Error] :1:1: JAXP00010001: The parser has encountered more than "64000" entity expansions in this document; this is the limit imposed by the JDK.
Exception: JAXP00010001: The parser has encountered more than "64000" entity expansions in this document; this is the limit imposed by the JDK.
[Fatal Error] simpsons-dtd.xml:14:25: The entity "send" was referenced, but not declared.
Exception: The entity "send" was referenced, but not declared.
]]></system-err>
</testsuite>
